app/build/intermediates/manifest_merge_blame_file/debug/processDebugMainManifest/manifest-merger-blame-debug-report.txt
1<?xml version="1.0" encoding="utf-8"?>
2<manifest xmlns:android="http://schemas.android.com/apk/res/android"
3    package="com.bond.md3elauncher"
4    android:versionCode="76"
5    android:versionName="0.1.76" >
6
7    <uses-sdk
7-->INJECTED
8        android:minSdkVersion="23"
8-->INJECTED
9        android:targetSdkVersion="36" />
9-->INJECTED
10
11    <!--
12        Launcher/front-end app needs to list launchable apps and emulator apps.
13        QUERY_ALL_PACKAGES makes the private/sideload build behave closer to Beacon.
14        If you plan to publish to Google Play, this permission needs policy review or removal.
15    -->
16    <uses-permission android:name="android.permission.QUERY_ALL_PACKAGES" />
16-->src\main\AndroidManifest.xml:8:5-77
16-->src\main\AndroidManifest.xml:8:22-74
17    <uses-permission android:name="android.permission.INTERNET" />
17-->src\main\AndroidManifest.xml:9:5-67
17-->src\main\AndroidManifest.xml:9:22-64
18    <uses-permission android:name="android.permission.ACCESS_NETWORK_STATE" />
18-->src\main\AndroidManifest.xml:10:5-79
18-->src\main\AndroidManifest.xml:10:22-76
19
20    <!-- Android 11+ package visibility: allow querying launchable apps for emulator/app selection. -->
21    <queries>
21-->src\main\AndroidManifest.xml:13:5-83:15
22        <intent>
22-->src\main\AndroidManifest.xml:14:9-17:18
23            <action android:name="android.intent.action.MAIN" />
23-->src\main\AndroidManifest.xml:15:13-65
23-->src\main\AndroidManifest.xml:15:21-62
24
25            <category android:name="android.intent.category.LAUNCHER" />
25-->src\main\AndroidManifest.xml:16:13-73
25-->src\main\AndroidManifest.xml:16:23-70
26        </intent>
27        <intent>
27-->src\main\AndroidManifest.xml:18:9-21:18
28            <action android:name="android.intent.action.VIEW" />
28-->src\main\AndroidManifest.xml:19:13-65
28-->src\main\AndroidManifest.xml:19:21-62
29
30            <data android:mimeType="application/octet-stream" />
30-->src\main\AndroidManifest.xml:20:13-65
30-->src\main\AndroidManifest.xml:20:19-62
31        </intent>
32
33        <package android:name="org.ppsspp.ppsspp" />
33-->src\main\AndroidManifest.xml:22:9-53
33-->src\main\AndroidManifest.xml:22:18-50
34        <package android:name="org.ppsspp.ppssppgold" />
34-->src\main\AndroidManifest.xml:23:9-57
34-->src\main\AndroidManifest.xml:23:18-54
35        <package android:name="org.yuzu.yuzu_emu" />
35-->src\main\AndroidManifest.xml:24:9-53
35-->src\main\AndroidManifest.xml:24:18-50
36        <package android:name="org.sudachi.sudachi_emu.ea" />
36-->src\main\AndroidManifest.xml:25:9-62
36-->src\main\AndroidManifest.xml:25:18-59
37        <package android:name="org.sudachi.sudachi_emu" />
37-->src\main\AndroidManifest.xml:26:9-59
37-->src\main\AndroidManifest.xml:26:18-56
38        <package android:name="org.suyu.suyu_emu" />
38-->src\main\AndroidManifest.xml:27:9-53
38-->src\main\AndroidManifest.xml:27:18-50
39        <package android:name="org.eden.emulator" />
39-->src\main\AndroidManifest.xml:28:9-53
39-->src\main\AndroidManifest.xml:28:18-50
40        <package android:name="com.fastemulator.gba" />
40-->src\main\AndroidManifest.xml:29:9-56
40-->src\main\AndroidManifest.xml:29:18-53
41        <package android:name="com.swordfish.lemuroid" />
41-->src\main\AndroidManifest.xml:30:9-58
41-->src\main\AndroidManifest.xml:30:18-55
42        <package android:name="com.retroarch" />
42-->src\main\AndroidManifest.xml:31:9-49
42-->src\main\AndroidManifest.xml:31:18-46
43        <package android:name="com.retroarch.aarch64" />
43-->src\main\AndroidManifest.xml:32:9-57
43-->src\main\AndroidManifest.xml:32:18-54
44        <package android:name="com.retroarch.ra32" />
44-->src\main\AndroidManifest.xml:33:9-54
44-->src\main\AndroidManifest.xml:33:18-51
45        <package android:name="com.retroarch.ra64" />
45-->src\main\AndroidManifest.xml:34:9-54
45-->src\main\AndroidManifest.xml:34:18-51
46        <package android:name="com.retroarch.plus" />
46-->src\main\AndroidManifest.xml:35:9-54
46-->src\main\AndroidManifest.xml:35:18-51
47        <package android:name="com.explusalpha.NesEmu" />
47-->src\main\AndroidManifest.xml:36:9-58
47-->src\main\AndroidManifest.xml:36:18-55
48        <package android:name="com.johnemulators.johnness" />
48-->src\main\AndroidManifest.xml:37:9-62
48-->src\main\AndroidManifest.xml:37:18-59
49        <package android:name="com.johnemulators.johnnesslite" />
49-->src\main\AndroidManifest.xml:38:9-66
49-->src\main\AndroidManifest.xml:38:18-63
50        <package android:name="com.johnemulators.johnnes" />
50-->src\main\AndroidManifest.xml:39:9-61
50-->src\main\AndroidManifest.xml:39:18-58
51        <package android:name="com.johnemulators.johnneslite" />
51-->src\main\AndroidManifest.xml:40:9-65
51-->src\main\AndroidManifest.xml:40:18-62
52        <package android:name="com.nostalgiaemulators.neslite" />
52-->src\main\AndroidManifest.xml:41:9-66
52-->src\main\AndroidManifest.xml:41:18-63
53        <package android:name="com.nostalgiaemulators.nesfull" />
53-->src\main\AndroidManifest.xml:42:9-66
53-->src\main\AndroidManifest.xml:42:18-63
54
55        <intent>
55-->src\main\AndroidManifest.xml:43:9-46:18
56            <action android:name="android.intent.action.VIEW" />
56-->src\main\AndroidManifest.xml:19:13-65
56-->src\main\AndroidManifest.xml:19:21-62
57
58            <data android:mimeType="application/x-iso9660-image" />
58-->src\main\AndroidManifest.xml:20:13-65
58-->src\main\AndroidManifest.xml:20:19-62
59        </intent>
60        <intent>
60-->src\main\AndroidManifest.xml:47:9-50:18
61            <action android:name="android.intent.action.VIEW" />
61-->src\main\AndroidManifest.xml:19:13-65
61-->src\main\AndroidManifest.xml:19:21-62
62
63            <data android:mimeType="application/x-cso" />
63-->src\main\AndroidManifest.xml:20:13-65
63-->src\main\AndroidManifest.xml:20:19-62
64        </intent>
65        <intent>
65-->src\main\AndroidManifest.xml:51:9-54:18
66            <action android:name="android.intent.action.VIEW" />
66-->src\main\AndroidManifest.xml:19:13-65
66-->src\main\AndroidManifest.xml:19:21-62
67
68            <data android:mimeType="application/x-chd" />
68-->src\main\AndroidManifest.xml:20:13-65
68-->src\main\AndroidManifest.xml:20:19-62
69        </intent>
70        <intent>
70-->src\main\AndroidManifest.xml:55:9-58:18
71            <action android:name="android.intent.action.VIEW" />
71-->src\main\AndroidManifest.xml:19:13-65
71-->src\main\AndroidManifest.xml:19:21-62
72
73            <data android:mimeType="application/x-gameboy-advance-rom" />
73-->src\main\AndroidManifest.xml:20:13-65
73-->src\main\AndroidManifest.xml:20:19-62
74        </intent>
75        <intent>
75-->src\main\AndroidManifest.xml:59:9-62:18
76            <action android:name="android.intent.action.VIEW" />
76-->src\main\AndroidManifest.xml:19:13-65
76-->src\main\AndroidManifest.xml:19:21-62
77
78            <data android:mimeType="application/x-gba-rom" />
78-->src\main\AndroidManifest.xml:20:13-65
78-->src\main\AndroidManifest.xml:20:19-62
79        </intent>
80        <intent>
80-->src\main\AndroidManifest.xml:63:9-66:18
81            <action android:name="android.intent.action.VIEW" />
81-->src\main\AndroidManifest.xml:19:13-65
81-->src\main\AndroidManifest.xml:19:21-62
82
83            <data android:mimeType="application/x-gameboy-rom" />
83-->src\main\AndroidManifest.xml:20:13-65
83-->src\main\AndroidManifest.xml:20:19-62
84        </intent>
85        <intent>
85-->src\main\AndroidManifest.xml:67:9-70:18
86            <action android:name="android.intent.action.VIEW" />
86-->src\main\AndroidManifest.xml:19:13-65
86-->src\main\AndroidManifest.xml:19:21-62
87
88            <data android:mimeType="application/x-gameboy-color-rom" />
88-->src\main\AndroidManifest.xml:20:13-65
88-->src\main\AndroidManifest.xml:20:19-62
89        </intent>
90        <intent>
90-->src\main\AndroidManifest.xml:71:9-74:18
91            <action android:name="android.intent.action.VIEW" />
91-->src\main\AndroidManifest.xml:19:13-65
91-->src\main\AndroidManifest.xml:19:21-62
92
93            <data android:mimeType="application/x-nes-rom" />
93-->src\main\AndroidManifest.xml:20:13-65
93-->src\main\AndroidManifest.xml:20:19-62
94        </intent>
95        <intent>
95-->src\main\AndroidManifest.xml:75:9-78:18
96            <action android:name="android.intent.action.VIEW" />
96-->src\main\AndroidManifest.xml:19:13-65
96-->src\main\AndroidManifest.xml:19:21-62
97
98            <data android:mimeType="application/x-nintendo-nes-rom" />
98-->src\main\AndroidManifest.xml:20:13-65
98-->src\main\AndroidManifest.xml:20:19-62
99        </intent>
100        <intent>
100-->src\main\AndroidManifest.xml:79:9-82:18
101            <action android:name="android.intent.action.SEND" />
101-->src\main\AndroidManifest.xml:80:13-65
101-->src\main\AndroidManifest.xml:80:21-62
102
103            <data android:mimeType="application/x-nes-rom" />
103-->src\main\AndroidManifest.xml:20:13-65
103-->src\main\AndroidManifest.xml:20:19-62
104        </intent>
105    </queries>
106
107    <uses-feature
107-->[com.github.Swordfish90:LibretroDroid:0.13.2] AndroidManifest.xml:9:5-11:35
108        android:glEsVersion="0x00020000"
108-->[com.github.Swordfish90:LibretroDroid:0.13.2] AndroidManifest.xml:10:9-41
109        android:required="true" />
109-->[com.github.Swordfish90:LibretroDroid:0.13.2] AndroidManifest.xml:11:9-32
110
111    <permission
111-->[androidx.core:core:1.18.0] AndroidManifest.xml:22:5-24:47
112        android:name="com.bond.md3elauncher.DYNAMIC_RECEIVER_NOT_EXPORTED_PERMISSION"
112-->[androidx.core:core:1.18.0] AndroidManifest.xml:23:9-81
113        android:protectionLevel="signature" />
113-->[androidx.core:core:1.18.0] AndroidManifest.xml:24:9-44
114
115    <uses-permission android:name="com.bond.md3elauncher.DYNAMIC_RECEIVER_NOT_EXPORTED_PERMISSION" />
115-->[androidx.core:core:1.18.0] AndroidManifest.xml:26:5-97
115-->[androidx.core:core:1.18.0] AndroidManifest.xml:26:22-94
116
117    <application
117-->src\main\AndroidManifest.xml:85:5-141:19
118        android:allowBackup="true"
118-->src\main\AndroidManifest.xml:86:9-35
119        android:appComponentFactory="androidx.core.app.CoreComponentFactory"
119-->[androidx.core:core:1.18.0] AndroidManifest.xml:28:18-86
120        android:debuggable="true"
121        android:extractNativeLibs="true"
121-->INJECTED
122        android:icon="@mipmap/ic_launcher"
122-->src\main\AndroidManifest.xml:88:9-43
123        android:label="@string/app_name"
123-->src\main\AndroidManifest.xml:87:9-41
124        android:roundIcon="@mipmap/ic_launcher_round"
124-->src\main\AndroidManifest.xml:89:9-54
125        android:supportsRtl="true"
125-->src\main\AndroidManifest.xml:91:9-35
126        android:theme="@style/Theme.MD3ELauncher" >
126-->src\main\AndroidManifest.xml:90:9-50
127        <provider
127-->src\main\AndroidManifest.xml:93:9-101:20
128            android:name="androidx.core.content.FileProvider"
128-->src\main\AndroidManifest.xml:94:13-62
129            android:authorities="com.bond.md3elauncher.fileprovider"
129-->src\main\AndroidManifest.xml:95:13-69
130            android:exported="false"
130-->src\main\AndroidManifest.xml:96:13-37
131            android:grantUriPermissions="true" >
131-->src\main\AndroidManifest.xml:97:13-47
132            <meta-data
132-->src\main\AndroidManifest.xml:98:13-100:54
133                android:name="android.support.FILE_PROVIDER_PATHS"
133-->src\main\AndroidManifest.xml:99:17-67
134                android:resource="@xml/file_paths" />
134-->src\main\AndroidManifest.xml:100:17-51
135        </provider>
136
137        <activity
137-->src\main\AndroidManifest.xml:104:9-110:136
138            android:name="com.bond.md3elauncher.emulator.gba.InternalGbaActivity"
138-->src\main\AndroidManifest.xml:105:13-61
139            android:configChanges="keyboard|keyboardHidden|navigation|orientation|screenLayout|screenSize|smallestScreenSize|uiMode"
139-->src\main\AndroidManifest.xml:110:13-133
140            android:exported="false"
140-->src\main\AndroidManifest.xml:106:13-37
141            android:process=":internal_gba"
141-->src\main\AndroidManifest.xml:107:13-44
142            android:screenOrientation="sensorLandscape"
142-->src\main\AndroidManifest.xml:108:13-56
143            android:theme="@style/Theme.MD3ELauncher" />
143-->src\main\AndroidManifest.xml:109:13-54
144        <activity
144-->src\main\AndroidManifest.xml:112:9-118:136
145            android:name="com.bond.md3elauncher.emulator.fc.InternalFcActivity"
145-->src\main\AndroidManifest.xml:113:13-59
146            android:configChanges="keyboard|keyboardHidden|navigation|orientation|screenLayout|screenSize|smallestScreenSize|uiMode"
146-->src\main\AndroidManifest.xml:118:13-133
147            android:exported="false"
147-->src\main\AndroidManifest.xml:114:13-37
148            android:process=":internal_fc"
148-->src\main\AndroidManifest.xml:115:13-43
149            android:screenOrientation="sensorLandscape"
149-->src\main\AndroidManifest.xml:116:13-56
150            android:theme="@style/Theme.MD3ELauncher" />
150-->src\main\AndroidManifest.xml:117:13-54
151        <activity
151-->src\main\AndroidManifest.xml:120:9-140:20
152            android:name="com.bond.md3elauncher.MainActivity"
152-->src\main\AndroidManifest.xml:121:13-41
153            android:configChanges="keyboard|keyboardHidden|navigation|orientation|screenLayout|screenSize|smallestScreenSize|uiMode"
153-->src\main\AndroidManifest.xml:126:13-133
154            android:exported="true"
154-->src\main\AndroidManifest.xml:122:13-36
155            android:launchMode="singleTop"
155-->src\main\AndroidManifest.xml:123:13-43
156            android:screenOrientation="sensorLandscape"
156-->src\main\AndroidManifest.xml:124:13-56
157            android:windowSoftInputMode="adjustNothing|stateHidden" >
157-->src\main\AndroidManifest.xml:125:13-68
158
159            <!-- Normal app icon entry. -->
160            <intent-filter>
160-->src\main\AndroidManifest.xml:129:13-132:29
161                <action android:name="android.intent.action.MAIN" />
161-->src\main\AndroidManifest.xml:15:13-65
161-->src\main\AndroidManifest.xml:15:21-62
162
163                <category android:name="android.intent.category.LAUNCHER" />
163-->src\main\AndroidManifest.xml:16:13-73
163-->src\main\AndroidManifest.xml:16:23-70
164            </intent-filter>
165
166            <!-- Home launcher candidate. Users still choose it in system default Home app settings. -->
167            <intent-filter>
167-->src\main\AndroidManifest.xml:135:13-139:29
168                <action android:name="android.intent.action.MAIN" />
168-->src\main\AndroidManifest.xml:15:13-65
168-->src\main\AndroidManifest.xml:15:21-62
169
170                <category android:name="android.intent.category.HOME" />
170-->src\main\AndroidManifest.xml:137:17-73
170-->src\main\AndroidManifest.xml:137:27-70
171                <category android:name="android.intent.category.DEFAULT" />
171-->src\main\AndroidManifest.xml:138:17-76
171-->src\main\AndroidManifest.xml:138:27-73
172            </intent-filter>
173        </activity>
174        <activity
174-->[androidx.compose.ui:ui-tooling-android:1.11.4] AndroidManifest.xml:23:9-25:39
175            android:name="androidx.compose.ui.tooling.PreviewActivity"
175-->[androidx.compose.ui:ui-tooling-android:1.11.4] AndroidManifest.xml:24:13-71
176            android:exported="true" />
176-->[androidx.compose.ui:ui-tooling-android:1.11.4] AndroidManifest.xml:25:13-36
177
178        <provider
178-->[androidx.emoji2:emoji2:1.4.0] AndroidManifest.xml:24:9-32:20
179            android:name="androidx.startup.InitializationProvider"
179-->[androidx.emoji2:emoji2:1.4.0] AndroidManifest.xml:25:13-67
180            android:authorities="com.bond.md3elauncher.androidx-startup"
180-->[androidx.emoji2:emoji2:1.4.0] AndroidManifest.xml:26:13-68
181            android:exported="false" >
181-->[androidx.emoji2:emoji2:1.4.0] AndroidManifest.xml:27:13-37
182            <meta-data
182-->[androidx.emoji2:emoji2:1.4.0] AndroidManifest.xml:29:13-31:52
183                android:name="androidx.emoji2.text.EmojiCompatInitializer"
183-->[androidx.emoji2:emoji2:1.4.0] AndroidManifest.xml:30:17-75
184                android:value="androidx.startup" />
184-->[androidx.emoji2:emoji2:1.4.0] AndroidManifest.xml:31:17-49
185            <meta-data
185-->[androidx.lifecycle:lifecycle-process:2.10.0] AndroidManifest.xml:29:13-31:52
186                android:name="androidx.lifecycle.ProcessLifecycleInitializer"
186-->[androidx.lifecycle:lifecycle-process:2.10.0] AndroidManifest.xml:30:17-78
187                android:value="androidx.startup" />
187-->[androidx.lifecycle:lifecycle-process:2.10.0] AndroidManifest.xml:31:17-49
188            <meta-data
188-->[androidx.profileinstaller:profileinstaller:1.4.0] AndroidManifest.xml:29:13-31:52
189                android:name="androidx.profileinstaller.ProfileInstallerInitializer"
189-->[androidx.profileinstaller:profileinstaller:1.4.0] AndroidManifest.xml:30:17-85
190                android:value="androidx.startup" />
190-->[androidx.profileinstaller:profileinstaller:1.4.0] AndroidManifest.xml:31:17-49
191        </provider>
192
193        <uses-library
193-->[androidx.window:window:1.5.0] AndroidManifest.xml:23:9-25:40
194            android:name="androidx.window.extensions"
194-->[androidx.window:window:1.5.0] AndroidManifest.xml:24:13-54
195            android:required="false" />
195-->[androidx.window:window:1.5.0] AndroidManifest.xml:25:13-37
196        <uses-library
196-->[androidx.window:window:1.5.0] AndroidManifest.xml:26:9-28:40
197            android:name="androidx.window.sidecar"
197-->[androidx.window:window:1.5.0] AndroidManifest.xml:27:13-51
198            android:required="false" />
198-->[androidx.window:window:1.5.0] AndroidManifest.xml:28:13-37
199
200        <receiver
200-->[androidx.profileinstaller:profileinstaller:1.4.0] AndroidManifest.xml:34:9-52:20
201            android:name="androidx.profileinstaller.ProfileInstallReceiver"
201-->[androidx.profileinstaller:profileinstaller:1.4.0] AndroidManifest.xml:35:13-76
202            android:directBootAware="false"
202-->[androidx.profileinstaller:profileinstaller:1.4.0] AndroidManifest.xml:36:13-44
203            android:enabled="true"
203-->[androidx.profileinstaller:profileinstaller:1.4.0] AndroidManifest.xml:37:13-35
204            android:exported="true"
204-->[androidx.profileinstaller:profileinstaller:1.4.0] AndroidManifest.xml:38:13-36
205            android:permission="android.permission.DUMP" >
205-->[androidx.profileinstaller:profileinstaller:1.4.0] AndroidManifest.xml:39:13-57
206            <intent-filter>
206-->[androidx.profileinstaller:profileinstaller:1.4.0] AndroidManifest.xml:40:13-42:29
207                <action android:name="androidx.profileinstaller.action.INSTALL_PROFILE" />
207-->[androidx.profileinstaller:profileinstaller:1.4.0] AndroidManifest.xml:41:17-91
207-->[androidx.profileinstaller:profileinstaller:1.4.0] AndroidManifest.xml:41:25-88
208            </intent-filter>
209            <intent-filter>
209-->[androidx.profileinstaller:profileinstaller:1.4.0] AndroidManifest.xml:43:13-45:29
210                <action android:name="androidx.profileinstaller.action.SKIP_FILE" />
210-->[androidx.profileinstaller:profileinstaller:1.4.0] AndroidManifest.xml:44:17-85
210-->[androidx.profileinstaller:profileinstaller:1.4.0] AndroidManifest.xml:44:25-82
211            </intent-filter>
212            <intent-filter>
212-->[androidx.profileinstaller:profileinstaller:1.4.0] AndroidManifest.xml:46:13-48:29
213                <action android:name="androidx.profileinstaller.action.SAVE_PROFILE" />
213-->[androidx.profileinstaller:profileinstaller:1.4.0] AndroidManifest.xml:47:17-88
213-->[androidx.profileinstaller:profileinstaller:1.4.0] AndroidManifest.xml:47:25-85
214            </intent-filter>
215            <intent-filter>
215-->[androidx.profileinstaller:profileinstaller:1.4.0] AndroidManifest.xml:49:13-51:29
216                <action android:name="androidx.profileinstaller.action.BENCHMARK_OPERATION" />
216-->[androidx.profileinstaller:profileinstaller:1.4.0] AndroidManifest.xml:50:17-95
216-->[androidx.profileinstaller:profileinstaller:1.4.0] AndroidManifest.xml:50:25-92
217            </intent-filter>
218        </receiver>
219    </application>
220
221</manifest>